Fri Jul 18 00:58:44 UTC 2025 - Random content 19773
Fri Jul 18 13:19:54 UTC 2025 - Random content 15653
Sat Jul 19 13:07:08 UTC 2025 - Random content 18425
Sun Jul 20 13:08:47 UTC 2025 - Random content 7006
Mon Jul 21 13:21:04 UTC 2025 - Random content 1527
Tue Jul 22 13:20:53 UTC 2025 - Random content 3688
Wed Jul 23 13:21:24 UTC 2025 - Random content 17279
Thu Jul 24 13:20:42 UTC 2025 - Random content 25810
Fri Jul 25 13:19:24 UTC 2025 - Random content 20599
Sat Jul 26 13:08:00 UTC 2025 - Random content 12679
Sun Jul 27 13:08:48 UTC 2025 - Random content 5539
Mon Jul 28 13:22:13 UTC 2025 - Random content 7791
Tue Jul 29 13:23:26 UTC 2025 - Random content 9178
Wed Jul 30 13:23:00 UTC 2025 - Random content 21365
Thu Jul 31 13:21:12 UTC 2025 - Random content 1253
Fri Aug  1 13:20:50 UTC 2025 - Random content 4024
Sat Aug  2 13:08:44 UTC 2025 - Random content 11589
Sun Aug  3 13:10:49 UTC 2025 - Random content 8420
Mon Aug  4 13:24:59 UTC 2025 - Random content 24197
Tue Aug  5 13:24:05 UTC 2025 - Random content 23785
Wed Aug  6 13:24:19 UTC 2025 - Random content 11533
Thu Aug  7 13:23:46 UTC 2025 - Random content 260
Fri Aug  8 13:21:40 UTC 2025 - Random content 1768
Sat Aug  9 13:07:22 UTC 2025 - Random content 15325
Sun Aug 10 13:07:41 UTC 2025 - Random content 3347
Mon Aug 11 13:20:54 UTC 2025 - Random content 22747
Tue Aug 12 13:10:27 UTC 2025 - Random content 6164
Wed Aug 13 13:11:37 UTC 2025 - Random content 7648
Thu Aug 14 13:18:52 UTC 2025 - Random content 11805
Fri Aug 15 13:07:41 UTC 2025 - Random content 31723
Sat Aug 16 13:05:16 UTC 2025 - Random content 7794
Sun Aug 17 13:05:49 UTC 2025 - Random content 27521
Mon Aug 18 13:19:13 UTC 2025 - Random content 32433
Tue Aug 19 13:06:15 UTC 2025 - Random content 9128
Wed Aug 20 13:08:16 UTC 2025 - Random content 18820
Thu Aug 21 13:06:56 UTC 2025 - Random content 15614
Fri Aug 22 13:06:14 UTC 2025 - Random content 5141
Sat Aug 23 13:01:55 UTC 2025 - Random content 15227
Sun Aug 24 13:02:31 UTC 2025 - Random content 24233
Mon Aug 25 13:08:34 UTC 2025 - Random content 28645
Tue Aug 26 13:09:09 UTC 2025 - Random content 2753
Wed Aug 27 13:05:16 UTC 2025 - Random content 25332
Thu Aug 28 13:05:52 UTC 2025 - Random content 9462
Fri Aug 29 13:04:02 UTC 2025 - Random content 18027
Sat Aug 30 12:59:37 UTC 2025 - Random content 21298
Sun Aug 31 13:00:23 UTC 2025 - Random content 173
Mon Sep  1 13:06:44 UTC 2025 - Random content 23143
Tue Sep  2 13:06:57 UTC 2025 - Random content 24006
Wed Sep  3 13:04:23 UTC 2025 - Random content 12878
Thu Sep  4 13:02:28 UTC 2025 - Random content 27485
Fri Sep  5 13:03:16 UTC 2025 - Random content 9885
Sat Sep  6 12:57:21 UTC 2025 - Random content 4522
Sun Sep  7 12:58:17 UTC 2025 - Random content 17393
Mon Sep  8 13:07:13 UTC 2025 - Random content 26052
Tue Sep  9 13:08:06 UTC 2025 - Random content 9093
Wed Sep 10 13:03:42 UTC 2025 - Random content 18249
Thu Sep 11 13:02:55 UTC 2025 - Random content 2599
Fri Sep 12 13:01:40 UTC 2025 - Random content 7199
Sat Sep 13 12:57:42 UTC 2025 - Random content 25326
Sun Sep 14 12:56:51 UTC 2025 - Random content 11700
Mon Sep 15 13:05:35 UTC 2025 - Random content 12216
Tue Sep 16 13:05:35 UTC 2025 - Random content 24921
Wed Sep 17 13:05:22 UTC 2025 - Random content 24705
Thu Sep 18 13:04:50 UTC 2025 - Random content 19422
Fri Sep 19 13:04:09 UTC 2025 - Random content 21311
Sat Sep 20 12:59:51 UTC 2025 - Random content 8965
